<?xml version="1.0" encoding="UTF-8"?>
<!-- Generated by org.testng.reporters.JUnitReportReporter -->
<testsuite hostname="LAPTOP-O4UU3JL2" failures="0" tests="1" name="tests.CatogiriesTestPage" time="8.485" errors="0" timestamp="2023-11-22T14:56:28 IST" skipped="0">
  <testcase classname="tests.CatogiriesTestPage" name="catogiriesRun" time="8.485"/>
  <system-out/>
</testsuite> <!-- tests.CatogiriesTestPage -->
