<?xml version="1.0" encoding="UTF-8"?>
<!-- Generated by org.testng.reporters.JUnitReportReporter -->
<testsuite hostname="LAPTOP-O4UU3JL2" failures="0" tests="1" name="tests.CatologTestPage" time="8.306" errors="0" timestamp="2023-11-22T14:02:26 IST" skipped="0">
  <testcase classname="tests.CatologTestPage" name="runMethod" time="8.306"/>
  <system-out/>
</testsuite> <!-- tests.CatologTestPage -->
