<?xml version="1.0" encoding="UTF-8"?>
<!-- Generated by org.testng.reporters.JUnitReportReporter -->
<testsuite hostname="LAPTOP-O4UU3JL2" failures="0" tests="1" name="tests.CustomersTestPage" time="21.695" errors="0" timestamp="2023-11-22T20:11:45 IST" skipped="0">
  <testcase classname="tests.CustomersTestPage" name="runCustomersPage" time="21.695"/>
  <system-out/>
</testsuite> <!-- tests.CustomersTestPage -->
